<?xml version="1.0" encoding="UTF-8"?>
<!-- Generated by org.testng.reporters.JUnitReportReporter -->
<testsuite ignored="0" hostname="DESKTOP-6LL4OJF" failures="0" tests="2" name="quickstart.AppiumTest" time="0.011" errors="0" timestamp="23 Jun 2020 17:35:11 GMT" skipped="0">
  <testcase classname="quickstart.AppiumTest" name="AppiumTestHomepage" time="0.010"/>
  <testcase classname="quickstart.AppiumTest" name="AppiumTestUI" time="0.001"/>
</testsuite> <!-- quickstart.AppiumTest -->
