<?xml version="1.0" encoding="UTF-8"?>
<!-- Generated by org.testng.reporters.JUnitReportReporter -->
<testsuite ignored="0" hostname="DESKTOP-6LL4OJF" failures="0" tests="2" name="quickstart.seleniumTest" time="0.001" errors="0" timestamp="23 Jun 2020 17:35:11 GMT" skipped="0">
  <testcase classname="quickstart.seleniumTest" name="elementsUI" time="0.001"/>
  <testcase classname="quickstart.seleniumTest" name="browserAutomation" time="0.000"/>
</testsuite> <!-- quickstart.seleniumTest -->
